
> react-typescript-starter@0.1.0 test
> react-scripts test

Browserslist: caniuse-lite is outdated. Please run:
  npx browserslist@latest --update-db
  Why you should do it regularly: https://github.com/browserslist/browserslist#browsers-data-updating
PASS src/nested.test.ts
PASS src/arrays.test.ts
PASS src/objects.test.ts
PASS src/quizzer/Quizzer.test.tsx
PASS src/components/StartAttempt.test.tsx
PASS src/components/TwoDice.test.tsx
PASS src/form-components/MultipleChoiceQuestion.test.tsx
PASS src/bad-components/ChooseTeam.test.tsx
PASS src/bad-components/DoubleHalf.test.tsx
PASS src/functions.test.ts
PASS src/form-components/CheckAnswer.test.tsx
PASS src/form-components/EditMode.test.tsx
PASS src/components/ChangeType.test.tsx
PASS src/components/CycleHoliday.test.tsx
PASS src/form-components/GiveAttempts.test.tsx
PASS src/form-components/ChangeColor.test.tsx
PASS src/components/Counter.test.tsx
PASS src/components/RevealAnswer.test.tsx
PASS src/bad-components/ColoredBox.test.tsx
PASS src/bad-components/ShoveBox.test.tsx
PASS src/App.test.tsx
-----------------------------|---------|----------|---------|---------|----------------------------------------
File                         | % Stmts | % Branch | % Funcs | % Lines | Uncovered Line #s                      
-----------------------------|---------|----------|---------|---------|----------------------------------------
All files                    |   93.06 |    89.57 |   92.96 |      93 |                                        
 src                         |   96.25 |    89.91 |   97.36 |   96.61 |                                        
  App.tsx                    |      50 |       50 |   33.33 |      50 | 30-54                                  
  arrays.ts                  |     100 |      100 |     100 |     100 |                                        
  functions.ts               |   86.95 |    86.66 |     100 |   86.95 | 18,24,26                               
  nested.ts                  |   98.41 |    93.54 |     100 |     100 | 27,282                                 
  objects.ts                 |   97.56 |    94.44 |     100 |   97.43 | 65                                     
 src/bad-components          |     100 |       50 |     100 |     100 |                                        
  ChooseTeam.tsx             |     100 |       50 |     100 |     100 | 18                                     
  ColoredBox.tsx             |     100 |      100 |     100 |     100 |                                        
  DoubleHalf.tsx             |     100 |      100 |     100 |     100 |                                        
  ShoveBox.tsx               |     100 |      100 |     100 |     100 |                                        
 src/components              |   96.96 |     90.9 |     100 |   96.96 |                                        
  ChangeType.tsx             |     100 |      100 |     100 |     100 |                                        
  Counter.tsx                |     100 |      100 |     100 |     100 |                                        
  CycleHoliday.tsx           |     100 |      100 |     100 |     100 |                                        
  RevealAnswer.tsx           |     100 |      100 |     100 |     100 |                                        
  StartAttempt.tsx           |      90 |       75 |     100 |      90 | 11                                     
  TwoDice.tsx                |     100 |      100 |     100 |     100 |                                        
 src/form-components         |     100 |      100 |     100 |     100 |                                        
  ChangeColor.tsx            |     100 |      100 |     100 |     100 |                                        
  CheckAnswer.tsx            |     100 |      100 |     100 |     100 |                                        
  EditMode.tsx               |     100 |      100 |     100 |     100 |                                        
  GiveAttempts.tsx           |     100 |      100 |     100 |     100 |                                        
  MultipleChoiceQuestion.tsx |     100 |      100 |     100 |     100 |                                        
 src/interfaces              |       0 |        0 |       0 |       0 |                                        
  answer.ts                  |       0 |        0 |       0 |       0 |                                        
  question.ts                |       0 |        0 |       0 |       0 |                                        
  questionQuiz.ts            |       0 |        0 |       0 |       0 |                                        
  quiz.ts                    |       0 |        0 |       0 |       0 |                                        
 src/quizzer                 |   85.21 |    87.03 |   82.85 |   84.55 |                                        
  AddQuizModal.tsx           |   69.23 |      100 |      50 |   69.23 | 36-53                                  
  QuestionEdit.tsx           |      50 |    66.66 |   46.66 |      50 | 27-30,49-50,57-59,67-69,92-165,199,226 
  QuizCard.tsx               |     100 |       80 |     100 |     100 | 32                                     
  QuizEdit.tsx               |   92.59 |      100 |   86.66 |      92 | 76,106                                 
  QuizExpanded.tsx           |     100 |      100 |     100 |     100 |                                        
  QuizList.tsx               |     100 |      100 |     100 |     100 |                                        
  QuizQuestion.tsx           |     100 |    85.71 |     100 |     100 | 24-31                                  
  QuizView.tsx               |     100 |      100 |     100 |     100 |                                        
  Quizzer.tsx                |     100 |      100 |     100 |     100 |                                        
-----------------------------|---------|----------|---------|---------|----------------------------------------

Test Suites: 21 passed, 21 total
Tests:       148 passed, 148 total
Snapshots:   0 total
Time:        18.744 s
Ran all test suites.
